<?xml version="1.0" encoding="UTF-8"?>
<testng-results ignored="0" total="1" passed="1" failed="0" skipped="0">
  <reporter-output>
  </reporter-output>
  <suite started-at="2022-11-19T06:52:15 CST" name="Default suite" finished-at="2022-11-19T06:52:25 CST" duration-ms="9991">
    <groups>
    </groups>
    <test started-at="2022-11-19T06:52:15 CST" name="Default test" finished-at="2022-11-19T06:52:25 CST" duration-ms="9991">
      <class name="startingPointOfFramework1.TC001_CreatLead">
        <test-method signature="creatLead()[pri:0, instance:startingPointOfFramework1.TC001_CreatLead@1bb266b3]" started-at="2022-11-19T06:52:15 CST" name="creatLead" finished-at="2022-11-19T06:52:25 CST" duration-ms="9952" status="PASS">
          <reporter-output>
          </reporter-output>
        </test-method> <!-- creatLead -->
      </class> <!-- startingPointOfFramework1.TC001_CreatLead -->
    </test> <!-- Default test -->
  </suite> <!-- Default suite -->
</testng-results>
